.
|   LICENSE
|   README.md
|   tree.log
|   
+---Adguard
|       20230616_120932_adg_ext_settings_4.1.56.json
|       
+---Darkreader
|       Firefox-Dark-Reader-Settings.json
|       
+---Edge-FrFox
|       chrome.zip
|       Edge-FrFox.url
|       
+---Enhancer for YouTube
|       Enhancer for YouTube.json
|       
+---mica-for-everyone
|       MicaForEveryone-x64-Release.msixbundle
|       MicaForEveryone.conf
|       MicaForEveryone.url
|       
+---MSEdgeRedirect
|       MSEdgeRedirect.exe
|       MSEdgeRedirect.url
|       
\---violentmonkey
        violentmonkey_2022-11-11_11.46.46.zip
        
